22:06:02 com_github_zykrah_kicad-kle-placer.kle_placer_action 497: Plugin executed with python version: '3.12.3 (main, Jul 31 2024, 17:43:48) [GCC 13.2.0]'
22:06:08 com_github_zykrah_kicad-kle-placer.kle_placer_action 512: User layout: Keyboard(meta=KeyboardMetadata(backcolor='#eeeeee', name='', author='', notes='', background=None, radii='', switchMount='', switchBrand='', switchType='', plate=False, pcb=False), keys=[Key(color='#cccccc', labels=['Num Lock', '', '', '', '', '', '', '', '', '', '', ''], text_color=[None, None, None, None, None, None, None, None, None, None, None, None], text_size=[None, None, None, None, None, None, None, None, None, None, None, None], default=KeyDefault(text_color='#000000', text_size=3), x=0.0, y=0.0, width=1.0, height=1.0, x2=0.0, y2=0.0, width2=1.0, height2=1.0, rotation_x=0.0, rotation_y=0.0, rotation_angle=0.0, decal=False, ghost=False, stepped=False, nub=False, profile='', sm='', sb='', st=''), Key(color='#cccccc', labels=['/', '', '', '', '', '', '', '', '', '', '', ''], text_color=[None, None, None, None, None, None, None, None, None, None, None, None], text_size=[None, None, None, None, None, None, None, None, None, None, None, None], default=KeyDefault(text_color='#000000', text_size=3), x=1.0, y=0.0, width=1, height=1, x2=0, y2=0, width2=1, height2=1, rotation_x=0.0, rotation_y=0.0, rotation_angle=0.0, decal=False, ghost=False, stepped=False, nub=False, profile='', sm='', sb='', st=''), Key(color='#cccccc', labels=['*', '', '', '', '', '', '', '', '', '', '', ''], text_color=[None, None, None, None, None, None, None, None, None, None, None, None], text_size=[None, None, None, None, None, None, None, None, None, None, None, None], default=KeyDefault(text_color='#000000', text_size=3), x=2.0, y=0.0, width=1, height=1, x2=0, y2=0, width2=1, height2=1, rotation_x=0.0, rotation_y=0.0, rotation_angle=0.0, decal=False, ghost=False, stepped=False, nub=False, profile='', sm='', sb='', st=''), Key(color='#cccccc', labels=['-', '', '', '', '', '', '', '', '', '', '', ''], text_color=[None, None, None, None, None, None, None, None, None, None, None, None], text_size=[None, None, None, None, None, None, None, None, None, None, None, None], default=KeyDefault(text_color='#000000', text_size=3), x=3.0, y=0.0, width=1, height=1, x2=0, y2=0, width2=1, height2=1, rotation_x=0.0, rotation_y=0.0, rotation_angle=0.0, decal=False, ghost=False, stepped=False, nub=False, profile='', sm='', sb='', st=''), Key(color='#cccccc', labels=['7', '', '', '', '', '', 'Home', '', '', '', '', ''], text_color=[None, None, None, None, None, None, None, None, None, None, None, None], text_size=[None, None, None, None, None, None, None, None, None, None, None, None], default=KeyDefault(text_color='#000000', text_size=3), x=0.0, y=1.0, width=1, height=1, x2=0, y2=0, width2=1, height2=1, rotation_x=0.0, rotation_y=0.0, rotation_angle=0.0, decal=False, ghost=False, stepped=False, nub=False, profile='', sm='', sb='', st=''), Key(color='#cccccc', labels=['8', '', '', '', '', '', '↑', '', '', '', '', ''], text_color=[None, None, None, None, None, None, None, None, None, None, None, None], text_size=[None, None, None, None, None, None, None, None, None, None, None, None], default=KeyDefault(text_color='#000000', text_size=3), x=1.0, y=1.0, width=1, height=1, x2=0, y2=0, width2=1, height2=1, rotation_x=0.0, rotation_y=0.0, rotation_angle=0.0, decal=False, ghost=False, stepped=False, nub=False, profile='', sm='', sb='', st=''), Key(color='#cccccc', labels=['9', '', '', '', '', '', 'PgUp', '', '', '', '', ''], text_color=[None, None, None, None, None, None, None, None, None, None, None, None], text_size=[None, None, None, None, None, None, None, None, None, None, None, None], default=KeyDefault(text_color='#000000', text_size=3), x=2.0, y=1.0, width=1, height=1, x2=0, y2=0, width2=1, height2=1, rotation_x=0.0, rotation_y=0.0, rotation_angle=0.0, decal=False, ghost=False, stepped=False, nub=False, profile='', sm='', sb='', st=''), Key(color='#cccccc', labels=['+', '', '', '', '', '', '', '', '', '', '', ''], text_color=[None, None, None, None, None, None, None, None, None, None, None, None], text_size=[None, None, None, None, None, None, None, None, None, None, None, None], default=KeyDefault(text_color='#000000', text_size=3), x=3.0, y=1.0, width=1, height=2, x2=0, y2=0, width2=1, height2=2, rotation_x=0.0, rotation_y=0.0, rotation_angle=0.0, decal=False, ghost=False, stepped=False, nub=False, profile='', sm='', sb='', st=''), Key(color='#cccccc', labels=['4', '', '', '', '', '', '←', '', '', '', '', ''], text_color=[None, None, None, None, None, None, None, None, None, None, None, None], text_size=[None, None, None, None, None, None, None, None, None, None, None, None], default=KeyDefault(text_color='#000000', text_size=3), x=0.0, y=2.0, width=1, height=1, x2=0, y2=0, width2=1, height2=1, rotation_x=0.0, rotation_y=0.0, rotation_angle=0.0, decal=False, ghost=False, stepped=False, nub=False, profile='', sm='', sb='', st=''), Key(color='#cccccc', labels=['5', '', '', '', '', '', '', '', '', '', '', ''], text_color=[None, None, None, None, None, None, None, None, None, None, None, None], text_size=[None, None, None, None, None, None, None, None, None, None, None, None], default=KeyDefault(text_color='#000000', text_size=3), x=1.0, y=2.0, width=1, height=1, x2=0, y2=0, width2=1, height2=1, rotation_x=0.0, rotation_y=0.0, rotation_angle=0.0, decal=False, ghost=False, stepped=False, nub=False, profile='', sm='', sb='', st=''), Key(color='#cccccc', labels=['6', '', '', '', '', '', '→', '', '', '', '', ''], text_color=[None, None, None, None, None, None, None, None, None, None, None, None], text_size=[None, None, None, None, None, None, None, None, None, None, None, None], default=KeyDefault(text_color='#000000', text_size=3), x=2.0, y=2.0, width=1, height=1, x2=0, y2=0, width2=1, height2=1, rotation_x=0.0, rotation_y=0.0, rotation_angle=0.0, decal=False, ghost=False, stepped=False, nub=False, profile='', sm='', sb='', st=''), Key(color='#cccccc', labels=['1', '', '', '', '', '', 'End', '', '', '', '', ''], text_color=[None, None, None, None, None, None, None, None, None, None, None, None], text_size=[None, None, None, None, None, None, None, None, None, None, None, None], default=KeyDefault(text_color='#000000', text_size=3), x=0.0, y=3.0, width=1, height=1, x2=0, y2=0, width2=1, height2=1, rotation_x=0.0, rotation_y=0.0, rotation_angle=0.0, decal=False, ghost=False, stepped=False, nub=False, profile='', sm='', sb='', st=''), Key(color='#cccccc', labels=['2', '', '', '', '', '', '↓', '', '', '', '', ''], text_color=[None, None, None, None, None, None, None, None, None, None, None, None], text_size=[None, None, None, None, None, None, None, None, None, None, None, None], default=KeyDefault(text_color='#000000', text_size=3), x=1.0, y=3.0, width=1, height=1, x2=0, y2=0, width2=1, height2=1, rotation_x=0.0, rotation_y=0.0, rotation_angle=0.0, decal=False, ghost=False, stepped=False, nub=False, profile='', sm='', sb='', st=''), Key(color='#cccccc', labels=['3', '', '', '', '', '', 'PgDn', '', '', '', '', ''], text_color=[None, None, None, None, None, None, None, None, None, None, None, None], text_size=[None, None, None, None, None, None, None, None, None, None, None, None], default=KeyDefault(text_color='#000000', text_size=3), x=2.0, y=3.0, width=1, height=1, x2=0, y2=0, width2=1, height2=1, rotation_x=0.0, rotation_y=0.0, rotation_angle=0.0, decal=False, ghost=False, stepped=False, nub=False, profile='', sm='', sb='', st=''), Key(color='#cccccc', labels=['Enter', '', '', '', '', '', '', '', '', '', '', ''], text_color=[None, None, None, None, None, None, None, None, None, None, None, None], text_size=[None, None, None, None, None, None, None, None, None, None, None, None], default=KeyDefault(text_color='#000000', text_size=3), x=3.0, y=3.0, width=1, height=2, x2=0, y2=0, width2=1, height2=2, rotation_x=0.0, rotation_y=0.0, rotation_angle=0.0, decal=False, ghost=False, stepped=False, nub=False, profile='', sm='', sb='', st=''), Key(color='#cccccc', labels=['0', '', '', '', '', '', 'Ins', '', '', '', '', ''], text_color=[None, None, None, None, None, None, None, None, None, None, None, None], text_size=[None, None, None, None, None, None, None, None, None, None, None, None], default=KeyDefault(text_color='#000000', text_size=3), x=0.0, y=4.0, width=2, height=1, x2=0, y2=0, width2=2, height2=1, rotation_x=0.0, rotation_y=0.0, rotation_angle=0.0, decal=False, ghost=False, stepped=False, nub=False, profile='', sm='', sb='', st=''), Key(color='#cccccc', labels=['.', '', '', '', '', '', 'Del', '', '', '', '', ''], text_color=[None, None, None, None, None, None, None, None, None, None, None, None], text_size=[None, None, None, None, None, None, None, None, None, None, None, None], default=KeyDefault(text_color='#000000', text_size=3), x=2.0, y=4.0, width=1, height=1, x2=0, y2=0, width2=1, height2=1, rotation_x=0.0, rotation_y=0.0, rotation_angle=0.0, decal=False, ghost=False, stepped=False, nub=False, profile='', sm='', sb='', st='')])
22:06:08 com_github_zykrah_kicad-kle-placer.kle_placer_action 181: [Key(color='#cccccc', labels=['Num Lock', '', '', '', '', '', '', '', '', '', '', ''], text_color=[None, None, None, None, None, None, None, None, None, None, None, None], text_size=[None, None, None, None, None, None, None, None, None, None, None, None], default=KeyDefault(text_color='#000000', text_size=3), x=0.0, y=0.0, width=1.0, height=1.0, x2=0.0, y2=0.0, width2=1.0, height2=1.0, rotation_x=0.0, rotation_y=0.0, rotation_angle=0.0, decal=False, ghost=False, stepped=False, nub=False, profile='', sm='', sb='', st=''), Key(color='#cccccc', labels=['/', '', '', '', '', '', '', '', '', '', '', ''], text_color=[None, None, None, None, None, None, None, None, None, None, None, None], text_size=[None, None, None, None, None, None, None, None, None, None, None, None], default=KeyDefault(text_color='#000000', text_size=3), x=1.0, y=0.0, width=1, height=1, x2=0, y2=0, width2=1, height2=1, rotation_x=0.0, rotation_y=0.0, rotation_angle=0.0, decal=False, ghost=False, stepped=False, nub=False, profile='', sm='', sb='', st=''), Key(color='#cccccc', labels=['*', '', '', '', '', '', '', '', '', '', '', ''], text_color=[None, None, None, None, None, None, None, None, None, None, None, None], text_size=[None, None, None, None, None, None, None, None, None, None, None, None], default=KeyDefault(text_color='#000000', text_size=3), x=2.0, y=0.0, width=1, height=1, x2=0, y2=0, width2=1, height2=1, rotation_x=0.0, rotation_y=0.0, rotation_angle=0.0, decal=False, ghost=False, stepped=False, nub=False, profile='', sm='', sb='', st=''), Key(color='#cccccc', labels=['-', '', '', '', '', '', '', '', '', '', '', ''], text_color=[None, None, None, None, None, None, None, None, None, None, None, None], text_size=[None, None, None, None, None, None, None, None, None, None, None, None], default=KeyDefault(text_color='#000000', text_size=3), x=3.0, y=0.0, width=1, height=1, x2=0, y2=0, width2=1, height2=1, rotation_x=0.0, rotation_y=0.0, rotation_angle=0.0, decal=False, ghost=False, stepped=False, nub=False, profile='', sm='', sb='', st=''), Key(color='#cccccc', labels=['7', '', '', '', '', '', 'Home', '', '', '', '', ''], text_color=[None, None, None, None, None, None, None, None, None, None, None, None], text_size=[None, None, None, None, None, None, None, None, None, None, None, None], default=KeyDefault(text_color='#000000', text_size=3), x=0.0, y=1.0, width=1, height=1, x2=0, y2=0, width2=1, height2=1, rotation_x=0.0, rotation_y=0.0, rotation_angle=0.0, decal=False, ghost=False, stepped=False, nub=False, profile='', sm='', sb='', st=''), Key(color='#cccccc', labels=['8', '', '', '', '', '', '↑', '', '', '', '', ''], text_color=[None, None, None, None, None, None, None, None, None, None, None, None], text_size=[None, None, None, None, None, None, None, None, None, None, None, None], default=KeyDefault(text_color='#000000', text_size=3), x=1.0, y=1.0, width=1, height=1, x2=0, y2=0, width2=1, height2=1, rotation_x=0.0, rotation_y=0.0, rotation_angle=0.0, decal=False, ghost=False, stepped=False, nub=False, profile='', sm='', sb='', st=''), Key(color='#cccccc', labels=['9', '', '', '', '', '', 'PgUp', '', '', '', '', ''], text_color=[None, None, None, None, None, None, None, None, None, None, None, None], text_size=[None, None, None, None, None, None, None, None, None, None, None, None], default=KeyDefault(text_color='#000000', text_size=3), x=2.0, y=1.0, width=1, height=1, x2=0, y2=0, width2=1, height2=1, rotation_x=0.0, rotation_y=0.0, rotation_angle=0.0, decal=False, ghost=False, stepped=False, nub=False, profile='', sm='', sb='', st=''), Key(color='#cccccc', labels=['+', '', '', '', '', '', '', '', '', '', '', ''], text_color=[None, None, None, None, None, None, None, None, None, None, None, None], text_size=[None, None, None, None, None, None, None, None, None, None, None, None], default=KeyDefault(text_color='#000000', text_size=3), x=3.0, y=1.0, width=1, height=2, x2=0, y2=0, width2=1, height2=2, rotation_x=0.0, rotation_y=0.0, rotation_angle=0.0, decal=False, ghost=False, stepped=False, nub=False, profile='', sm='', sb='', st=''), Key(color='#cccccc', labels=['4', '', '', '', '', '', '←', '', '', '', '', ''], text_color=[None, None, None, None, None, None, None, None, None, None, None, None], text_size=[None, None, None, None, None, None, None, None, None, None, None, None], default=KeyDefault(text_color='#000000', text_size=3), x=0.0, y=2.0, width=1, height=1, x2=0, y2=0, width2=1, height2=1, rotation_x=0.0, rotation_y=0.0, rotation_angle=0.0, decal=False, ghost=False, stepped=False, nub=False, profile='', sm='', sb='', st=''), Key(color='#cccccc', labels=['5', '', '', '', '', '', '', '', '', '', '', ''], text_color=[None, None, None, None, None, None, None, None, None, None, None, None], text_size=[None, None, None, None, None, None, None, None, None, None, None, None], default=KeyDefault(text_color='#000000', text_size=3), x=1.0, y=2.0, width=1, height=1, x2=0, y2=0, width2=1, height2=1, rotation_x=0.0, rotation_y=0.0, rotation_angle=0.0, decal=False, ghost=False, stepped=False, nub=False, profile='', sm='', sb='', st=''), Key(color='#cccccc', labels=['6', '', '', '', '', '', '→', '', '', '', '', ''], text_color=[None, None, None, None, None, None, None, None, None, None, None, None], text_size=[None, None, None, None, None, None, None, None, None, None, None, None], default=KeyDefault(text_color='#000000', text_size=3), x=2.0, y=2.0, width=1, height=1, x2=0, y2=0, width2=1, height2=1, rotation_x=0.0, rotation_y=0.0, rotation_angle=0.0, decal=False, ghost=False, stepped=False, nub=False, profile='', sm='', sb='', st=''), Key(color='#cccccc', labels=['1', '', '', '', '', '', 'End', '', '', '', '', ''], text_color=[None, None, None, None, None, None, None, None, None, None, None, None], text_size=[None, None, None, None, None, None, None, None, None, None, None, None], default=KeyDefault(text_color='#000000', text_size=3), x=0.0, y=3.0, width=1, height=1, x2=0, y2=0, width2=1, height2=1, rotation_x=0.0, rotation_y=0.0, rotation_angle=0.0, decal=False, ghost=False, stepped=False, nub=False, profile='', sm='', sb='', st=''), Key(color='#cccccc', labels=['2', '', '', '', '', '', '↓', '', '', '', '', ''], text_color=[None, None, None, None, None, None, None, None, None, None, None, None], text_size=[None, None, None, None, None, None, None, None, None, None, None, None], default=KeyDefault(text_color='#000000', text_size=3), x=1.0, y=3.0, width=1, height=1, x2=0, y2=0, width2=1, height2=1, rotation_x=0.0, rotation_y=0.0, rotation_angle=0.0, decal=False, ghost=False, stepped=False, nub=False, profile='', sm='', sb='', st=''), Key(color='#cccccc', labels=['3', '', '', '', '', '', 'PgDn', '', '', '', '', ''], text_color=[None, None, None, None, None, None, None, None, None, None, None, None], text_size=[None, None, None, None, None, None, None, None, None, None, None, None], default=KeyDefault(text_color='#000000', text_size=3), x=2.0, y=3.0, width=1, height=1, x2=0, y2=0, width2=1, height2=1, rotation_x=0.0, rotation_y=0.0, rotation_angle=0.0, decal=False, ghost=False, stepped=False, nub=False, profile='', sm='', sb='', st=''), Key(color='#cccccc', labels=['Enter', '', '', '', '', '', '', '', '', '', '', ''], text_color=[None, None, None, None, None, None, None, None, None, None, None, None], text_size=[None, None, None, None, None, None, None, None, None, None, None, None], default=KeyDefault(text_color='#000000', text_size=3), x=3.0, y=3.0, width=1, height=2, x2=0, y2=0, width2=1, height2=2, rotation_x=0.0, rotation_y=0.0, rotation_angle=0.0, decal=False, ghost=False, stepped=False, nub=False, profile='', sm='', sb='', st=''), Key(color='#cccccc', labels=['0', '', '', '', '', '', 'Ins', '', '', '', '', ''], text_color=[None, None, None, None, None, None, None, None, None, None, None, None], text_size=[None, None, None, None, None, None, None, None, None, None, None, None], default=KeyDefault(text_color='#000000', text_size=3), x=0.0, y=4.0, width=2, height=1, x2=0, y2=0, width2=2, height2=1, rotation_x=0.0, rotation_y=0.0, rotation_angle=0.0, decal=False, ghost=False, stepped=False, nub=False, profile='', sm='', sb='', st=''), Key(color='#cccccc', labels=['.', '', '', '', '', '', 'Del', '', '', '', '', ''], text_color=[None, None, None, None, None, None, None, None, None, None, None, None], text_size=[None, None, None, None, None, None, None, None, None, None, None, None], default=KeyDefault(text_color='#000000', text_size=3), x=2.0, y=4.0, width=1, height=1, x2=0, y2=0, width2=1, height2=1, rotation_x=0.0, rotation_y=0.0, rotation_angle=0.0, decal=False, ghost=False, stepped=False, nub=False, profile='', sm='', sb='', st='')]
22:06:08 com_github_zykrah_kicad-kle-placer.kle_placer_action 134: Searching for SW1 footprint
22:06:08 com_github_zykrah_kicad-kle-placer.kle_placer_action 348: first_key_pos (29976500, 16801000)
22:06:08 com_github_zykrah_kicad-kle-placer.kle_placer_action 361: default_key_rotation 0.0
22:06:08 com_github_zykrah_kicad-kle-placer.kle_placer_action 134: Searching for D1 footprint
22:06:08 com_github_zykrah_kicad-kle-placer.kle_placer_action 134: Searching for D1 footprint
22:06:08 com_github_zykrah_kicad-kle-placer.kle_placer_action 134: Searching for SW1 footprint
22:06:08 com_github_zykrah_kicad-kle-placer.kle_placer_action 134: Searching for S1 footprint
22:06:08 com_github_zykrah_kicad-kle-placer.kle_placer_action 142: Setting SW1 footprint position: (39501500, 26326000)
22:06:08 com_github_zykrah_kicad-kle-placer.kle_placer_action 142: Setting D1 footprint position: (46981001, 25162601)
22:06:08 com_github_zykrah_kicad-kle-placer.kle_placer_action 150: Rotating D1 footprint: rotationReference: (39501500, 26326000), rotationAngle: 0
22:06:08 com_github_zykrah_kicad-kle-placer.kle_placer_action 134: Searching for D2 footprint
22:06:08 com_github_zykrah_kicad-kle-placer.kle_placer_action 134: Searching for SW2 footprint
22:06:08 com_github_zykrah_kicad-kle-placer.kle_placer_action 134: Searching for S2 footprint
22:06:08 com_github_zykrah_kicad-kle-placer.kle_placer_action 142: Setting SW2 footprint position: (58551500, 26326000)
22:06:08 com_github_zykrah_kicad-kle-placer.kle_placer_action 142: Setting D2 footprint position: (66031001, 25162601)
22:06:08 com_github_zykrah_kicad-kle-placer.kle_placer_action 150: Rotating D2 footprint: rotationReference: (58551500, 26326000), rotationAngle: 0
22:06:08 com_github_zykrah_kicad-kle-placer.kle_placer_action 134: Searching for D3 footprint
22:06:08 com_github_zykrah_kicad-kle-placer.kle_placer_action 134: Searching for SW3 footprint
22:06:08 com_github_zykrah_kicad-kle-placer.kle_placer_action 134: Searching for S3 footprint
22:06:08 com_github_zykrah_kicad-kle-placer.kle_placer_action 142: Setting SW3 footprint position: (77601500, 26326000)
22:06:08 com_github_zykrah_kicad-kle-placer.kle_placer_action 142: Setting D3 footprint position: (85081001, 25162601)
22:06:08 com_github_zykrah_kicad-kle-placer.kle_placer_action 150: Rotating D3 footprint: rotationReference: (77601500, 26326000), rotationAngle: 0
22:06:08 com_github_zykrah_kicad-kle-placer.kle_placer_action 134: Searching for D4 footprint
22:06:08 com_github_zykrah_kicad-kle-placer.kle_placer_action 134: Searching for SW4 footprint
22:06:08 com_github_zykrah_kicad-kle-placer.kle_placer_action 134: Searching for S4 footprint
22:06:08 com_github_zykrah_kicad-kle-placer.kle_placer_action 142: Setting SW4 footprint position: (96651500, 26326000)
22:06:08 com_github_zykrah_kicad-kle-placer.kle_placer_action 142: Setting D4 footprint position: (104131001, 25162601)
22:06:08 com_github_zykrah_kicad-kle-placer.kle_placer_action 150: Rotating D4 footprint: rotationReference: (96651500, 26326000), rotationAngle: 0
22:06:08 com_github_zykrah_kicad-kle-placer.kle_placer_action 134: Searching for D5 footprint
22:06:08 com_github_zykrah_kicad-kle-placer.kle_placer_action 134: Searching for SW5 footprint
22:06:08 com_github_zykrah_kicad-kle-placer.kle_placer_action 134: Searching for S5 footprint
22:06:08 com_github_zykrah_kicad-kle-placer.kle_placer_action 142: Setting SW5 footprint position: (39501500, 45376000)
22:06:08 com_github_zykrah_kicad-kle-placer.kle_placer_action 142: Setting D5 footprint position: (46981001, 44212601)
22:06:08 com_github_zykrah_kicad-kle-placer.kle_placer_action 150: Rotating D5 footprint: rotationReference: (39501500, 45376000), rotationAngle: 0
22:06:08 com_github_zykrah_kicad-kle-placer.kle_placer_action 134: Searching for D6 footprint
22:06:08 com_github_zykrah_kicad-kle-placer.kle_placer_action 134: Searching for SW6 footprint
22:06:08 com_github_zykrah_kicad-kle-placer.kle_placer_action 134: Searching for S6 footprint
22:06:08 com_github_zykrah_kicad-kle-placer.kle_placer_action 142: Setting SW6 footprint position: (58551500, 45376000)
22:06:08 com_github_zykrah_kicad-kle-placer.kle_placer_action 142: Setting D6 footprint position: (66031001, 44212601)
22:06:08 com_github_zykrah_kicad-kle-placer.kle_placer_action 150: Rotating D6 footprint: rotationReference: (58551500, 45376000), rotationAngle: 0
22:06:08 com_github_zykrah_kicad-kle-placer.kle_placer_action 134: Searching for D7 footprint
22:06:08 com_github_zykrah_kicad-kle-placer.kle_placer_action 134: Searching for SW7 footprint
22:06:08 com_github_zykrah_kicad-kle-placer.kle_placer_action 134: Searching for S7 footprint
22:06:08 com_github_zykrah_kicad-kle-placer.kle_placer_action 142: Setting SW7 footprint position: (77601500, 45376000)
22:06:08 com_github_zykrah_kicad-kle-placer.kle_placer_action 142: Setting D7 footprint position: (85081001, 44212601)
22:06:08 com_github_zykrah_kicad-kle-placer.kle_placer_action 150: Rotating D7 footprint: rotationReference: (77601500, 45376000), rotationAngle: 0
22:06:08 com_github_zykrah_kicad-kle-placer.kle_placer_action 134: Searching for D8 footprint
22:06:08 com_github_zykrah_kicad-kle-placer.kle_placer_action 134: Searching for SW8 footprint
22:06:08 com_github_zykrah_kicad-kle-placer.kle_placer_action 134: Searching for S8 footprint
22:06:08 com_github_zykrah_kicad-kle-placer.kle_placer_action 142: Setting SW8 footprint position: (96651500, 54901000)
22:06:08 com_github_zykrah_kicad-kle-placer.kle_placer_action 142: Setting D8 footprint position: (104131001, 53737601)
22:06:08 com_github_zykrah_kicad-kle-placer.kle_placer_action 150: Rotating D8 footprint: rotationReference: (96651500, 54901000), rotationAngle: 0
22:06:08 com_github_zykrah_kicad-kle-placer.kle_placer_action 134: Searching for D9 footprint
22:06:08 com_github_zykrah_kicad-kle-placer.kle_placer_action 134: Searching for SW9 footprint
22:06:08 com_github_zykrah_kicad-kle-placer.kle_placer_action 134: Searching for S9 footprint
22:06:08 com_github_zykrah_kicad-kle-placer.kle_placer_action 142: Setting SW9 footprint position: (39501500, 64426000)
22:06:08 com_github_zykrah_kicad-kle-placer.kle_placer_action 142: Setting D9 footprint position: (46981001, 63262601)
22:06:08 com_github_zykrah_kicad-kle-placer.kle_placer_action 150: Rotating D9 footprint: rotationReference: (39501500, 64426000), rotationAngle: 0
22:06:08 com_github_zykrah_kicad-kle-placer.kle_placer_action 134: Searching for D10 footprint
22:06:08 com_github_zykrah_kicad-kle-placer.kle_placer_action 134: Searching for SW10 footprint
22:06:08 com_github_zykrah_kicad-kle-placer.kle_placer_action 134: Searching for S10 footprint
22:06:08 com_github_zykrah_kicad-kle-placer.kle_placer_action 142: Setting SW10 footprint position: (58551500, 64426000)
22:06:08 com_github_zykrah_kicad-kle-placer.kle_placer_action 142: Setting D10 footprint position: (66031001, 63262601)
22:06:08 com_github_zykrah_kicad-kle-placer.kle_placer_action 150: Rotating D10 footprint: rotationReference: (58551500, 64426000), rotationAngle: 0
22:06:08 com_github_zykrah_kicad-kle-placer.kle_placer_action 134: Searching for D11 footprint
22:06:08 com_github_zykrah_kicad-kle-placer.kle_placer_action 134: Searching for SW11 footprint
22:06:08 com_github_zykrah_kicad-kle-placer.kle_placer_action 134: Searching for S11 footprint
22:06:08 com_github_zykrah_kicad-kle-placer.kle_placer_action 142: Setting SW11 footprint position: (77601500, 64426000)
22:06:08 com_github_zykrah_kicad-kle-placer.kle_placer_action 142: Setting D11 footprint position: (85081001, 63262601)
22:06:08 com_github_zykrah_kicad-kle-placer.kle_placer_action 150: Rotating D11 footprint: rotationReference: (77601500, 64426000), rotationAngle: 0
22:06:08 com_github_zykrah_kicad-kle-placer.kle_placer_action 134: Searching for D12 footprint
22:06:08 com_github_zykrah_kicad-kle-placer.kle_placer_action 134: Searching for SW12 footprint
22:06:08 com_github_zykrah_kicad-kle-placer.kle_placer_action 134: Searching for S12 footprint
22:06:08 com_github_zykrah_kicad-kle-placer.kle_placer_action 142: Setting SW12 footprint position: (39501500, 83476000)
22:06:08 com_github_zykrah_kicad-kle-placer.kle_placer_action 142: Setting D12 footprint position: (46981001, 82312601)
22:06:08 com_github_zykrah_kicad-kle-placer.kle_placer_action 150: Rotating D12 footprint: rotationReference: (39501500, 83476000), rotationAngle: 0
22:06:08 com_github_zykrah_kicad-kle-placer.kle_placer_action 134: Searching for D13 footprint
22:06:08 com_github_zykrah_kicad-kle-placer.kle_placer_action 134: Searching for SW13 footprint
22:06:08 com_github_zykrah_kicad-kle-placer.kle_placer_action 134: Searching for S13 footprint
22:06:08 com_github_zykrah_kicad-kle-placer.kle_placer_action 142: Setting SW13 footprint position: (58551500, 83476000)
22:06:08 com_github_zykrah_kicad-kle-placer.kle_placer_action 142: Setting D13 footprint position: (66031001, 82312601)
22:06:08 com_github_zykrah_kicad-kle-placer.kle_placer_action 150: Rotating D13 footprint: rotationReference: (58551500, 83476000), rotationAngle: 0
22:06:08 com_github_zykrah_kicad-kle-placer.kle_placer_action 134: Searching for D14 footprint
22:06:08 com_github_zykrah_kicad-kle-placer.kle_placer_action 134: Searching for SW14 footprint
22:06:08 com_github_zykrah_kicad-kle-placer.kle_placer_action 134: Searching for S14 footprint
22:06:08 com_github_zykrah_kicad-kle-placer.kle_placer_action 142: Setting SW14 footprint position: (77601500, 83476000)
22:06:08 com_github_zykrah_kicad-kle-placer.kle_placer_action 142: Setting D14 footprint position: (85081001, 82312601)
22:06:08 com_github_zykrah_kicad-kle-placer.kle_placer_action 150: Rotating D14 footprint: rotationReference: (77601500, 83476000), rotationAngle: 0
22:06:08 com_github_zykrah_kicad-kle-placer.kle_placer_action 134: Searching for D15 footprint
22:06:08 com_github_zykrah_kicad-kle-placer.kle_placer_action 134: Searching for SW15 footprint
22:06:08 com_github_zykrah_kicad-kle-placer.kle_placer_action 134: Searching for S15 footprint
22:06:08 com_github_zykrah_kicad-kle-placer.kle_placer_action 142: Setting SW15 footprint position: (96651500, 93001000)
22:06:08 com_github_zykrah_kicad-kle-placer.kle_placer_action 142: Setting D15 footprint position: (104131001, 91837601)
22:06:08 com_github_zykrah_kicad-kle-placer.kle_placer_action 150: Rotating D15 footprint: rotationReference: (96651500, 93001000), rotationAngle: 0
22:06:08 com_github_zykrah_kicad-kle-placer.kle_placer_action 134: Searching for D16 footprint
22:06:08 com_github_zykrah_kicad-kle-placer.kle_placer_action 134: Searching for SW16 footprint
22:06:08 com_github_zykrah_kicad-kle-placer.kle_placer_action 134: Searching for S16 footprint
22:06:08 com_github_zykrah_kicad-kle-placer.kle_placer_action 142: Setting SW16 footprint position: (49026500, 102526000)
22:06:08 com_github_zykrah_kicad-kle-placer.kle_placer_action 142: Setting D16 footprint position: (56506001, 101362601)
22:06:08 com_github_zykrah_kicad-kle-placer.kle_placer_action 150: Rotating D16 footprint: rotationReference: (49026500, 102526000), rotationAngle: 0
22:06:08 com_github_zykrah_kicad-kle-placer.kle_placer_action 134: Searching for D17 footprint
22:06:08 com_github_zykrah_kicad-kle-placer.kle_placer_action 134: Searching for SW17 footprint
22:06:08 com_github_zykrah_kicad-kle-placer.kle_placer_action 134: Searching for S17 footprint
22:06:08 com_github_zykrah_kicad-kle-placer.kle_placer_action 142: Setting SW17 footprint position: (77601500, 102526000)
22:06:08 com_github_zykrah_kicad-kle-placer.kle_placer_action 142: Setting D17 footprint position: (85081001, 101362601)
22:06:08 com_github_zykrah_kicad-kle-placer.kle_placer_action 150: Rotating D17 footprint: rotationReference: (77601500, 102526000), rotationAngle: 0
